<?xml version="1.0" encoding="UTF-8"?>
<!-- Generated by org.testng.reporters.JUnitXMLReporter -->
<testsuite ignored="0" hostname="LAPTOP-BBV4M2VF" failures="0" tests="5" name="Default test" time="0.054" errors="0" timestamp="2020-02-22T02:20:04 IST">
  <testcase classname="cricbuzz.Team3" name="cat" time="0.016"/>
  <testcase classname="cricbuzz.Team3" name="zebra" time="0.0"/>
  <testcase classname="cricbuzz.Team3" name="ball" time="0.0"/>
  <testcase classname="cricbuzz.Team3" name="elephant" time="0.0"/>
  <testcase classname="cricbuzz.Team3" name="anil" time="0.0"/>
</testsuite> <!-- Default test -->
