<?xml version="1.0" encoding="UTF-8"?>
<!-- Generated by org.testng.reporters.JUnitXMLReporter -->
<testsuite ignored="2" hostname="LAPTOP-BBV4M2VF" failures="0" tests="4" name="Cricket" time="0.012" errors="0" timestamp="2020-02-21T16:03:01 IST">
  <testcase classname="cricbuzz.Team1" name="team1Score" time="0.001"/>
  <testcase classname="cricbuzz.Team2" name="team2Login" time="0.001"/>
  <testcase classname="cricbuzz.Team2" name="team2Logout" time="0.001"/>
  <testcase classname="cricbuzz.Team2" name="team2Score" time="0.0"/>
  <testcase classname="cricbuzz.Team1" name="team1Login" time="0.0">
    <ignored/>
  </testcase> <!-- team1Login -->
  <testcase classname="cricbuzz.Team1" name="team1Logout" time="0.0">
    <ignored/>
  </testcase> <!-- team1Logout -->
</testsuite> <!-- Cricket -->
