<?xml version="1.0" encoding="UTF-8"?>
<!-- Generated by org.testng.reporters.JUnitXMLReporter -->
<testsuite ignored="7" hostname="LAPTOP-BBV4M2VF" failures="0" tests="2" name="TestDemo" time="0.059" errors="0" timestamp="2020-02-21T16:33:50 IST">
  <testcase classname="tests.demo1" name="test2" time="0.013"/>
  <testcase classname="cricbuzz.Team1" name="team1Score" time="0.001"/>
  <testcase classname="tests.demo1" name="test1" time="0.0">
    <ignored/>
  </testcase> <!-- test1 -->
  <testcase classname="cricbuzz.Team2" name="team2Logout" time="0.0">
    <ignored/>
  </testcase> <!-- team2Logout -->
  <testcase classname="cricbuzz.Team2" name="team2Login" time="0.0">
    <ignored/>
  </testcase> <!-- team2Login -->
  <testcase classname="cricbuzz.Team2" name="team2Score" time="0.0">
    <ignored/>
  </testcase> <!-- team2Score -->
  <testcase classname="tests.demo2" name="test3" time="0.0">
    <ignored/>
  </testcase> <!-- test3 -->
  <testcase classname="cricbuzz.Team1" name="team1Login" time="0.0">
    <ignored/>
  </testcase> <!-- team1Login -->
  <testcase classname="cricbuzz.Team1" name="team1Logout" time="0.0">
    <ignored/>
  </testcase> <!-- team1Logout -->
</testsuite> <!-- TestDemo -->
